<?xml version="1.0" ?>
<coverage branch-rate="0" branches-covered="0" branches-valid="0" complexity="0" line-rate="0.5263" lines-covered="270" lines-valid="513" timestamp="1540906934783" version="4.5.1">
	<!-- Generated by coverage.py: https://coverage.readthedocs.io -->
	<!-- Based on https://raw.githubusercontent.com/cobertura/web/master/htdocs/xml/coverage-04.dtd -->
	<sources>
		<source>/home/mark.j.pernot/python/python-lib</source>
	</sources>
	<packages>
		<package branch-rate="0" complexity="0" line-rate="0.5263" name=".">
			<classes>
				<class branch-rate="0" complexity="0" filename="gen_libs.py" line-rate="0.5263" name="gen_libs.py">
					<methods/>
					<lines>
						<line hits="1" number="15"/>
						<line hits="1" number="103"/>
						<line hits="1" number="104"/>
						<line hits="1" number="105"/>
						<line hits="1" number="106"/>
						<line hits="1" number="107"/>
						<line hits="1" number="108"/>
						<line hits="1" number="109"/>
						<line hits="1" number="110"/>
						<line hits="1" number="111"/>
						<line hits="1" number="112"/>
						<line hits="1" number="113"/>
						<line hits="1" number="114"/>
						<line hits="1" number="115"/>
						<line hits="1" number="116"/>
						<line hits="1" number="119"/>
						<line hits="1" number="120"/>
						<line hits="1" number="123"/>
						<line hits="1" number="126"/>
						<line hits="1" number="130"/>
						<line hits="1" number="133"/>
						<line hits="0" number="149"/>
						<line hits="0" number="151"/>
						<line hits="1" number="154"/>
						<line hits="0" number="169"/>
						<line hits="0" number="170"/>
						<line hits="0" number="172"/>
						<line hits="0" number="173"/>
						<line hits="0" number="174"/>
						<line hits="0" number="176"/>
						<line hits="1" number="179"/>
						<line hits="1" number="201"/>
						<line hits="1" number="202"/>
						<line hits="1" number="203"/>
						<line hits="1" number="206"/>
						<line hits="1" number="207"/>
						<line hits="1" number="209"/>
						<line hits="1" number="210"/>
						<line hits="1" number="211"/>
						<line hits="1" number="212"/>
						<line hits="1" number="216"/>
						<line hits="1" number="217"/>
						<line hits="1" number="218"/>
						<line hits="0" number="220"/>
						<line hits="0" number="221"/>
						<line hits="0" number="222"/>
						<line hits="0" number="223"/>
						<line hits="1" number="226"/>
						<line hits="1" number="227"/>
						<line hits="1" number="228"/>
						<line hits="1" number="229"/>
						<line hits="1" number="232"/>
						<line hits="1" number="233"/>
						<line hits="1" number="234"/>
						<line hits="1" number="235"/>
						<line hits="1" number="238"/>
						<line hits="1" number="239"/>
						<line hits="1" number="240"/>
						<line hits="1" number="241"/>
						<line hits="1" number="243"/>
						<line hits="1" number="246"/>
						<line hits="1" number="268"/>
						<line hits="1" number="269"/>
						<line hits="1" number="270"/>
						<line hits="1" number="273"/>
						<line hits="1" number="274"/>
						<line hits="1" number="276"/>
						<line hits="1" number="277"/>
						<line hits="1" number="278"/>
						<line hits="1" number="279"/>
						<line hits="1" number="283"/>
						<line hits="1" number="284"/>
						<line hits="1" number="287"/>
						<line hits="1" number="288"/>
						<line hits="1" number="289"/>
						<line hits="1" number="290"/>
						<line hits="1" number="293"/>
						<line hits="1" number="294"/>
						<line hits="1" number="295"/>
						<line hits="1" number="296"/>
						<line hits="1" number="299"/>
						<line hits="1" number="300"/>
						<line hits="1" number="301"/>
						<line hits="1" number="302"/>
						<line hits="1" number="304"/>
						<line hits="1" number="305"/>
						<line hits="1" number="307"/>
						<line hits="1" number="310"/>
						<line hits="0" number="326"/>
						<line hits="0" number="327"/>
						<line hits="0" number="329"/>
						<line hits="1" number="332"/>
						<line hits="1" number="345"/>
						<line hits="1" number="348"/>
						<line hits="0" number="362"/>
						<line hits="0" number="363"/>
						<line hits="1" number="366"/>
						<line hits="0" number="384"/>
						<line hits="0" number="387"/>
						<line hits="0" number="388"/>
						<line hits="0" number="391"/>
						<line hits="0" number="393"/>
						<line hits="0" number="394"/>
						<line hits="0" number="396"/>
						<line hits="0" number="399"/>
						<line hits="0" number="401"/>
						<line hits="0" number="402"/>
						<line hits="0" number="404"/>
						<line hits="0" number="405"/>
						<line hits="0" number="407"/>
						<line hits="0" number="409"/>
						<line hits="0" number="410"/>
						<line hits="0" number="411"/>
						<line hits="0" number="414"/>
						<line hits="0" number="415"/>
						<line hits="0" number="418"/>
						<line hits="0" number="420"/>
						<line hits="0" number="421"/>
						<line hits="0" number="423"/>
						<line hits="0" number="424"/>
						<line hits="0" number="426"/>
						<line hits="0" number="428"/>
						<line hits="0" number="430"/>
						<line hits="0" number="431"/>
						<line hits="0" number="433"/>
						<line hits="0" number="434"/>
						<line hits="1" number="437"/>
						<line hits="1" number="459"/>
						<line hits="1" number="460"/>
						<line hits="1" number="462"/>
						<line hits="1" number="463"/>
						<line hits="1" number="466"/>
						<line hits="1" number="468"/>
						<line hits="1" number="469"/>
						<line hits="1" number="471"/>
						<line hits="1" number="472"/>
						<line hits="1" number="474"/>
						<line hits="1" number="475"/>
						<line hits="1" number="476"/>
						<line hits="1" number="478"/>
						<line hits="1" number="479"/>
						<line hits="1" number="481"/>
						<line hits="1" number="482"/>
						<line hits="0" number="485"/>
						<line hits="1" number="488"/>
						<line hits="1" number="490"/>
						<line hits="1" number="493"/>
						<line hits="0" number="513"/>
						<line hits="0" number="514"/>
						<line hits="0" number="516"/>
						<line hits="1" number="519"/>
						<line hits="0" number="535"/>
						<line hits="1" number="538"/>
						<line hits="1" number="560"/>
						<line hits="1" number="561"/>
						<line hits="1" number="563"/>
						<line hits="1" number="564"/>
						<line hits="1" number="566"/>
						<line hits="1" number="567"/>
						<line hits="1" number="568"/>
						<line hits="1" number="570"/>
						<line hits="1" number="571"/>
						<line hits="1" number="573"/>
						<line hits="1" number="574"/>
						<line hits="1" number="576"/>
						<line hits="1" number="577"/>
						<line hits="1" number="579"/>
						<line hits="1" number="580"/>
						<line hits="1" number="582"/>
						<line hits="1" number="585"/>
						<line hits="0" number="600"/>
						<line hits="0" number="601"/>
						<line hits="0" number="602"/>
						<line hits="0" number="604"/>
						<line hits="0" number="605"/>
						<line hits="0" number="607"/>
						<line hits="1" number="610"/>
						<line hits="0" number="627"/>
						<line hits="0" number="628"/>
						<line hits="0" number="630"/>
						<line hits="1" number="633"/>
						<line hits="0" number="650"/>
						<line hits="1" number="653"/>
						<line hits="0" number="668"/>
						<line hits="0" number="669"/>
						<line hits="0" number="672"/>
						<line hits="0" number="674"/>
						<line hits="0" number="676"/>
						<line hits="0" number="677"/>
						<line hits="1" number="680"/>
						<line hits="0" number="696"/>
						<line hits="1" number="699"/>
						<line hits="0" number="716"/>
						<line hits="0" number="717"/>
						<line hits="0" number="718"/>
						<line hits="0" number="719"/>
						<line hits="0" number="721"/>
						<line hits="1" number="724"/>
						<line hits="1" number="740"/>
						<line hits="1" number="742"/>
						<line hits="1" number="745"/>
						<line hits="1" number="746"/>
						<line hits="1" number="749"/>
						<line hits="1" number="750"/>
						<line hits="1" number="751"/>
						<line hits="1" number="753"/>
						<line hits="1" number="755"/>
						<line hits="1" number="758"/>
						<line hits="1" number="761"/>
						<line hits="1" number="762"/>
						<line hits="1" number="763"/>
						<line hits="1" number="765"/>
						<line hits="1" number="768"/>
						<line hits="1" number="770"/>
						<line hits="1" number="771"/>
						<line hits="1" number="774"/>
						<line hits="1" number="777"/>
						<line hits="1" number="778"/>
						<line hits="1" number="779"/>
						<line hits="1" number="781"/>
						<line hits="1" number="784"/>
						<line hits="0" number="799"/>
						<line hits="0" number="801"/>
						<line hits="0" number="802"/>
						<line hits="0" number="805"/>
						<line hits="0" number="807"/>
						<line hits="1" number="810"/>
						<line hits="1" number="827"/>
						<line hits="1" number="829"/>
						<line hits="1" number="830"/>
						<line hits="1" number="831"/>
						<line hits="1" number="832"/>
						<line hits="1" number="833"/>
						<line hits="1" number="835"/>
						<line hits="1" number="838"/>
						<line hits="1" number="854"/>
						<line hits="1" number="857"/>
						<line hits="1" number="872"/>
						<line hits="1" number="873"/>
						<line hits="1" number="875"/>
						<line hits="1" number="878"/>
						<line hits="0" number="894"/>
						<line hits="0" number="895"/>
						<line hits="0" number="897"/>
						<line hits="0" number="898"/>
						<line hits="1" number="901"/>
						<line hits="1" number="915"/>
						<line hits="1" number="918"/>
						<line hits="1" number="932"/>
						<line hits="1" number="935"/>
						<line hits="0" number="948"/>
						<line hits="1" number="951"/>
						<line hits="0" number="965"/>
						<line hits="1" number="968"/>
						<line hits="0" number="981"/>
						<line hits="1" number="984"/>
						<line hits="0" number="1004"/>
						<line hits="0" number="1006"/>
						<line hits="0" number="1007"/>
						<line hits="0" number="1008"/>
						<line hits="0" number="1010"/>
						<line hits="0" number="1011"/>
						<line hits="0" number="1012"/>
						<line hits="0" number="1014"/>
						<line hits="1" number="1017"/>
						<line hits="0" number="1033"/>
						<line hits="0" number="1034"/>
						<line hits="0" number="1037"/>
						<line hits="1" number="1040"/>
						<line hits="1" number="1055"/>
						<line hits="1" number="1056"/>
						<line hits="1" number="1059"/>
						<line hits="1" number="1061"/>
						<line hits="1" number="1064"/>
						<line hits="0" number="1080"/>
						<line hits="1" number="1083"/>
						<line hits="0" number="1098"/>
						<line hits="0" number="1100"/>
						<line hits="1" number="1103"/>
						<line hits="0" number="1124"/>
						<line hits="0" number="1126"/>
						<line hits="0" number="1129"/>
						<line hits="0" number="1131"/>
						<line hits="0" number="1133"/>
						<line hits="0" number="1134"/>
						<line hits="0" number="1136"/>
						<line hits="0" number="1138"/>
						<line hits="0" number="1139"/>
						<line hits="0" number="1141"/>
						<line hits="0" number="1142"/>
						<line hits="0" number="1144"/>
						<line hits="1" number="1147"/>
						<line hits="1" number="1161"/>
						<line hits="1" number="1162"/>
						<line hits="1" number="1166"/>
						<line hits="1" number="1168"/>
						<line hits="1" number="1171"/>
						<line hits="0" number="1187"/>
						<line hits="0" number="1190"/>
						<line hits="1" number="1193"/>
						<line hits="0" number="1209"/>
						<line hits="0" number="1210"/>
						<line hits="0" number="1212"/>
						<line hits="1" number="1215"/>
						<line hits="0" number="1232"/>
						<line hits="0" number="1234"/>
						<line hits="0" number="1235"/>
						<line hits="0" number="1237"/>
						<line hits="0" number="1238"/>
						<line hits="0" number="1241"/>
						<line hits="0" number="1243"/>
						<line hits="1" number="1246"/>
						<line hits="0" number="1261"/>
						<line hits="0" number="1262"/>
						<line hits="1" number="1265"/>
						<line hits="0" number="1283"/>
						<line hits="0" number="1285"/>
						<line hits="0" number="1286"/>
						<line hits="0" number="1288"/>
						<line hits="0" number="1289"/>
						<line hits="0" number="1290"/>
						<line hits="0" number="1292"/>
						<line hits="0" number="1295"/>
						<line hits="1" number="1298"/>
						<line hits="0" number="1315"/>
						<line hits="0" number="1317"/>
						<line hits="0" number="1318"/>
						<line hits="0" number="1320"/>
						<line hits="0" number="1321"/>
						<line hits="0" number="1323"/>
						<line hits="0" number="1324"/>
						<line hits="0" number="1325"/>
						<line hits="0" number="1328"/>
						<line hits="0" number="1329"/>
						<line hits="0" number="1332"/>
						<line hits="1" number="1335"/>
						<line hits="1" number="1356"/>
						<line hits="1" number="1357"/>
						<line hits="1" number="1358"/>
						<line hits="1" number="1360"/>
						<line hits="1" number="1362"/>
						<line hits="1" number="1363"/>
						<line hits="1" number="1365"/>
						<line hits="1" number="1366"/>
						<line hits="1" number="1369"/>
						<line hits="1" number="1370"/>
						<line hits="1" number="1373"/>
						<line hits="1" number="1374"/>
						<line hits="1" number="1376"/>
						<line hits="1" number="1379"/>
						<line hits="1" number="1399"/>
						<line hits="1" number="1400"/>
						<line hits="1" number="1401"/>
						<line hits="1" number="1403"/>
						<line hits="1" number="1404"/>
						<line hits="1" number="1405"/>
						<line hits="1" number="1408"/>
						<line hits="1" number="1409"/>
						<line hits="1" number="1411"/>
						<line hits="1" number="1414"/>
						<line hits="0" number="1428"/>
						<line hits="0" number="1429"/>
						<line hits="0" number="1430"/>
						<line hits="0" number="1431"/>
						<line hits="0" number="1432"/>
						<line hits="0" number="1433"/>
						<line hits="0" number="1434"/>
						<line hits="0" number="1435"/>
						<line hits="0" number="1437"/>
						<line hits="1" number="1441"/>
						<line hits="1" number="1457"/>
						<line hits="1" number="1460"/>
						<line hits="1" number="1461"/>
						<line hits="1" number="1463"/>
						<line hits="1" number="1466"/>
						<line hits="0" number="1487"/>
						<line hits="0" number="1488"/>
						<line hits="0" number="1490"/>
						<line hits="1" number="1493"/>
						<line hits="0" number="1514"/>
						<line hits="0" number="1515"/>
						<line hits="0" number="1517"/>
						<line hits="1" number="1520"/>
						<line hits="0" number="1537"/>
						<line hits="0" number="1538"/>
						<line hits="0" number="1540"/>
						<line hits="0" number="1541"/>
						<line hits="0" number="1542"/>
						<line hits="0" number="1544"/>
						<line hits="0" number="1545"/>
						<line hits="0" number="1547"/>
						<line hits="0" number="1548"/>
						<line hits="0" number="1550"/>
						<line hits="0" number="1551"/>
						<line hits="0" number="1554"/>
						<line hits="0" number="1555"/>
						<line hits="0" number="1557"/>
						<line hits="0" number="1559"/>
						<line hits="1" number="1562"/>
						<line hits="0" number="1578"/>
						<line hits="0" number="1579"/>
						<line hits="0" number="1582"/>
						<line hits="1" number="1585"/>
						<line hits="1" number="1600"/>
						<line hits="1" number="1601"/>
						<line hits="1" number="1602"/>
						<line hits="1" number="1603"/>
						<line hits="1" number="1606"/>
						<line hits="0" number="1622"/>
						<line hits="1" number="1625"/>
						<line hits="0" number="1639"/>
						<line hits="0" number="1640"/>
						<line hits="0" number="1643"/>
						<line hits="0" number="1645"/>
						<line hits="0" number="1647"/>
						<line hits="0" number="1648"/>
						<line hits="1" number="1651"/>
						<line hits="0" number="1670"/>
						<line hits="0" number="1671"/>
						<line hits="0" number="1673"/>
						<line hits="0" number="1674"/>
						<line hits="0" number="1675"/>
						<line hits="0" number="1677"/>
						<line hits="0" number="1678"/>
						<line hits="0" number="1680"/>
						<line hits="0" number="1681"/>
						<line hits="0" number="1683"/>
						<line hits="0" number="1684"/>
						<line hits="0" number="1687"/>
						<line hits="0" number="1688"/>
						<line hits="0" number="1690"/>
						<line hits="1" number="1693"/>
						<line hits="0" number="1708"/>
						<line hits="0" number="1710"/>
						<line hits="0" number="1711"/>
						<line hits="0" number="1714"/>
						<line hits="1" number="1717"/>
						<line hits="0" number="1731"/>
						<line hits="0" number="1733"/>
						<line hits="0" number="1734"/>
						<line hits="0" number="1735"/>
						<line hits="1" number="1738"/>
						<line hits="0" number="1754"/>
						<line hits="0" number="1755"/>
						<line hits="1" number="1758"/>
						<line hits="0" number="1773"/>
						<line hits="1" number="1776"/>
						<line hits="0" number="1790"/>
						<line hits="1" number="1793"/>
						<line hits="0" number="1808"/>
						<line hits="0" number="1809"/>
						<line hits="0" number="1811"/>
						<line hits="0" number="1812"/>
						<line hits="0" number="1814"/>
						<line hits="0" number="1815"/>
						<line hits="0" number="1816"/>
						<line hits="0" number="1818"/>
						<line hits="1" number="1821"/>
						<line hits="0" number="1835"/>
						<line hits="1" number="1838"/>
						<line hits="0" number="1852"/>
						<line hits="0" number="1853"/>
						<line hits="0" number="1856"/>
						<line hits="1" number="1859"/>
						<line hits="0" number="1877"/>
						<line hits="0" number="1879"/>
						<line hits="0" number="1880"/>
						<line hits="0" number="1883"/>
						<line hits="1" number="1886"/>
						<line hits="0" number="1901"/>
						<line hits="0" number="1903"/>
						<line hits="1" number="1906"/>
						<line hits="0" number="1922"/>
						<line hits="1" number="1925"/>
						<line hits="1" number="1940"/>
						<line hits="1" number="1941"/>
						<line hits="1" number="1942"/>
						<line hits="1" number="1945"/>
						<line hits="1" number="1946"/>
						<line hits="1" number="1947"/>
						<line hits="1" number="1949"/>
						<line hits="1" number="1950"/>
						<line hits="1" number="1951"/>
						<line hits="1" number="1954"/>
						<line hits="1" number="1955"/>
						<line hits="1" number="1957"/>
						<line hits="1" number="1958"/>
						<line hits="1" number="1960"/>
						<line hits="1" number="1961"/>
						<line hits="1" number="1962"/>
						<line hits="1" number="1964"/>
						<line hits="1" number="1967"/>
						<line hits="0" number="1982"/>
						<line hits="0" number="1984"/>
						<line hits="0" number="1985"/>
						<line hits="0" number="1986"/>
						<line hits="0" number="1988"/>
						<line hits="0" number="1989"/>
						<line hits="1" number="1992"/>
						<line hits="0" number="2006"/>
						<line hits="0" number="2007"/>
						<line hits="0" number="2008"/>
						<line hits="0" number="2010"/>
						<line hits="0" number="2011"/>
						<line hits="1" number="2014"/>
						<line hits="1" number="2029"/>
						<line hits="1" number="2030"/>
						<line hits="1" number="2031"/>
						<line hits="1" number="2034"/>
						<line hits="0" number="2048"/>
						<line hits="0" number="2049"/>
						<line hits="1" number="2052"/>
						<line hits="0" number="2068"/>
					</lines>
				</class>
			</classes>
		</package>
	</packages>
</coverage>
